2023.10.15 09:06:47 INFO  web[][o.s.p.ProcessEntryPoint] Starting Web Server
2023.10.15 09:06:48 INFO  web[][o.s.s.p.LogServerVersion] SonarQube Server / 10.2.1.78527 / 953bf4f6bc7c449ecd33704e5fb450c19412f037
2023.10.15 09:06:48 INFO  web[][o.s.s.p.d.EmbeddedDatabase] Starting embedded database on port 9092 with url jdbc:h2:tcp://127.0.0.1:9092/sonar;NON_KEYWORDS=VALUE
2023.10.15 09:06:48 INFO  web[][o.s.s.p.d.EmbeddedDatabase] Embedded database started. Data stored in: /opt/sonarqube/data
2023.10.15 09:06:48 INFO  web[][o.s.d.DefaultDatabase] Create JDBC data source for jdbc:h2:tcp://127.0.0.1:9092/sonar;NON_KEYWORDS=VALUE
2023.10.15 09:06:48 INFO  web[][c.z.h.HikariDataSource] HikariPool-1 - Starting...
2023.10.15 09:06:48 INFO  web[][c.z.h.p.HikariPool] HikariPool-1 - Added connection conn2: url=jdbc:h2:tcp://127.0.0.1:9092/sonar user=
2023.10.15 09:06:48 INFO  web[][c.z.h.HikariDataSource] HikariPool-1 - Start completed.
2023.10.15 09:06:48 WARN  web[][o.s.db.dialect.H2] H2 database should be used for evaluation purpose only.
2023.10.15 09:06:49 INFO  web[][o.s.s.p.ServerFileSystemImpl] SonarQube home: /opt/sonarqube
2023.10.15 09:06:49 INFO  web[][o.s.s.u.SystemPasscodeImpl] System authentication by passcode is disabled
2023.10.15 09:06:49 INFO  web[][o.s.s.p.ServerPluginManager] Deploy C# Code Quality and Security / 9.8.0.76515 / c1515bad8ebe3e38e102b68fdec8c429669ec560
2023.10.15 09:06:49 INFO  web[][o.s.s.p.ServerPluginManager] Deploy Clean as You Code / 2.1.0.500 / 4a2d47cf125d03ebacf43536a3897c168deb1b0a
2023.10.15 09:06:49 INFO  web[][o.s.s.p.ServerPluginManager] Deploy Configuration detection for Code Quality and Security / 1.3.0.654 / 63073f0270b2c4754afa58eb8b5ea04e2eebf1a4
2023.10.15 09:06:49 INFO  web[][o.s.s.p.ServerPluginManager] Deploy Flex Code Quality and Security / 2.10.0.3458 / 3ef14c50cfd03e5b40a2270fc6e8edc5c49dedcd
2023.10.15 09:06:49 INFO  web[][o.s.s.p.ServerPluginManager] Deploy Go Code Quality and Security / 1.14.0.4481 / dcfff811316898a16bf1c6ff191dd3a5d84d3307
2023.10.15 09:06:49 INFO  web[][o.s.s.p.ServerPluginManager] Deploy HTML Code Quality and Security / 3.9.0.3600 / c877f85377cbf43c325a924dff566e2511142dbd
2023.10.15 09:06:49 INFO  web[][o.s.s.p.ServerPluginManager] Deploy IaC Code Quality and Security / 1.20.0.5654 / 45bdf29bcd98938351390d5b5905ee16e4616078
2023.10.15 09:06:49 INFO  web[][o.s.s.p.ServerPluginManager] Deploy JaCoCo / 1.3.0.1538 / 74a7798c7cea687c72ed9df40c93eb7ea2a58c49
2023.10.15 09:06:49 INFO  web[][o.s.s.p.ServerPluginManager] Deploy Java Code Quality and Security / 7.24.0.32100 / c39dafc9f60909db5edeb18ecc30ef617d9b5e7d
2023.10.15 09:06:49 INFO  web[][o.s.s.p.ServerPluginManager] Deploy JavaScript/TypeScript/CSS Code Quality and Security / 10.5.1.22382 / aee0b6ea75d253c96e97ab00eb1e96e1112ec2a7
2023.10.15 09:06:49 INFO  web[][o.s.s.p.ServerPluginManager] Deploy Kotlin Code Quality and Security / 2.17.0.2902 / f561c3df92dca4379ae526fc4c912f786328f009
2023.10.15 09:06:49 INFO  web[][o.s.s.p.ServerPluginManager] Deploy PHP Code Quality and Security / 3.32.0.10180 / 077f75886ec0b948cdf94b61631a444bcd23a529
2023.10.15 09:06:49 INFO  web[][o.s.s.p.ServerPluginManager] Deploy Python Code Quality and Security / 4.7.0.12181 / eeaa409efe993ea779a0dacdbbe8e28e4879c975
2023.10.15 09:06:49 INFO  web[][o.s.s.p.ServerPluginManager] Deploy Ruby Code Quality and Security / 1.14.0.4481 / dcfff811316898a16bf1c6ff191dd3a5d84d3307
2023.10.15 09:06:49 INFO  web[][o.s.s.p.ServerPluginManager] Deploy Scala Code Quality and Security / 1.14.0.4481 / dcfff811316898a16bf1c6ff191dd3a5d84d3307
2023.10.15 09:06:49 INFO  web[][o.s.s.p.ServerPluginManager] Deploy Text Code Quality and Security / 2.3.0.1632 / 66d70521dd5e12993a5614c3202f4c33ae0182bd
2023.10.15 09:06:49 INFO  web[][o.s.s.p.ServerPluginManager] Deploy VB.NET Code Quality and Security / 9.8.0.76515 / c1515bad8ebe3e38e102b68fdec8c429669ec560
2023.10.15 09:06:49 INFO  web[][o.s.s.p.ServerPluginManager] Deploy XML Code Quality and Security / 2.10.0.4108 / 34b16ba369117f6befc0b1e0866a069a80f6db2e
2023.10.15 09:06:51 INFO  web[][o.s.s.e.EsClientProvider] Connected to local Elasticsearch: [http://localhost:9001]
2023.10.15 09:06:51 WARN  web[][o.s.a.s.w.WebService$Action] Description is not set on action api/monitoring/metrics
2023.10.15 09:06:51 WARN  web[][o.s.a.s.w.WebService$Action] Since is not set on action api/monitoring/metrics
2023.10.15 09:06:51 WARN  web[][o.s.a.s.w.WebService$Action] The response example is not set on action api/monitoring/metrics
2023.10.15 09:06:51 WARN  web[][o.s.a.s.w.WebService$Action] The response example is not set on action api/system/liveness
2023.10.15 09:06:51 INFO  web[][o.s.s.p.w.MasterServletFilter] Initializing servlet filter org.sonar.server.platform.web.WebServiceFilter@5345dfe8 [pattern=UrlPattern{inclusions=[/api/system/migrate_db.*, ...], exclusions=[/api/components/update_key, ...]}]
2023.10.15 09:06:51 INFO  web[][o.s.s.p.DetectPluginChange] Detect plugin changes
2023.10.15 09:06:51 INFO  web[][o.s.s.p.DetectPluginChange] No plugin change detected
2023.10.15 09:06:52 INFO  web[][o.h.v.i.util.Version] HV000001: Hibernate Validator null
2023.10.15 09:06:52 INFO  web[][o.s.s.a.EmbeddedTomcat] HTTP connector enabled on port 9000
2023.10.15 09:06:52 INFO  web[][o.s.s.s.LogServerId] Server ID: 147B411E-AYso10M7vVtfM4T6QRBB
2023.10.15 09:06:52 WARN  web[][o.s.s.a.LogOAuthWarning] For security reasons, OAuth authentication should use HTTPS. You should set the property 'Administration > Configuration > Server base URL' to a HTTPS URL.
2023.10.15 09:06:52 INFO  web[][o.s.s.p.UpdateCenterClient] Update center: https://update.sonarsource.org/update-center.properties
2023.10.15 09:06:53 WARN  web[][o.s.a.s.w.WebService$Action] The response example is not set on action saml/validation_init
2023.10.15 09:06:53 WARN  web[][o.s.a.s.w.WebService$Action] The response example is not set on action api/issues/list
2023.10.15 09:06:53 WARN  web[][o.s.a.s.w.WebService$Action] The response example is not set on action api/system/liveness
2023.10.15 09:06:53 WARN  web[][o.s.a.s.w.WebService$Action] The response example is not set on action api/plugins/download
2023.10.15 09:06:53 WARN  web[][o.s.a.s.w.WebService$Action] The response example is not set on action api/analysis_cache/get
2023.10.15 09:06:53 WARN  web[][o.s.a.s.w.WebService$Action] The response example is not set on action api/alm_integrations/check_pat
2023.10.15 09:06:53 WARN  web[][o.s.a.s.w.WebService$Action] The response example is not set on action api/push/sonarlint_events
2023.10.15 09:06:53 WARN  web[][o.s.a.s.w.WebService$Action] The response example is not set on action api/dismiss_message/check
2023.10.15 09:06:53 WARN  web[][o.s.a.s.w.WebService$Action] Since is not set on action api/cayc/issues_creation_histogram
2023.10.15 09:06:53 WARN  web[][o.s.a.s.w.WebService$Action] The response example is not set on action api/cayc/issues_creation_histogram
2023.10.15 09:06:53 INFO  web[][o.s.s.a.p.ExpiredSessionsCleaner] Purge of expired session tokens has removed 0 elements
2023.10.15 09:06:53 INFO  web[][o.s.s.a.p.ExpiredSessionsCleaner] Purge of expired SAML message ids has removed 0 elements
2023.10.15 09:06:53 INFO  web[][o.s.s.n.NotificationDaemon] Notification service started (delay 60 sec.)
2023.10.15 09:06:53 INFO  web[][o.s.s.t.TelemetryDaemon] Sharing of SonarQube statistics is enabled.
2023.10.15 09:06:53 INFO  web[][o.s.s.s.GeneratePluginIndex] Generate scanner plugin index
2023.10.15 09:06:53 INFO  web[][o.s.s.s.RegisterPermissionTemplates] Register permission templates
2023.10.15 09:06:53 INFO  web[][o.s.s.s.RenameDeprecatedPropertyKeys] Rename deprecated property keys
2023.10.15 09:06:53 INFO  web[][o.s.s.s.RegisterPlugins] Register plugins
2023.10.15 09:06:53 INFO  web[][o.s.s.p.w.MasterServletFilter] Initializing servlet filter org.sonar.server.platform.web.SonarLintConnectionFilter@5d38fa5d [pattern=UrlPattern{inclusions=[/api/*], exclusions=[/api/v2/*]}]
2023.10.15 09:06:53 INFO  web[][o.s.s.p.w.MasterServletFilter] Initializing servlet filter org.sonar.server.platform.web.WebServiceFilter@39cc76f3 [pattern=UrlPattern{inclusions=[/api/issues/delete_comment.*, ...], exclusions=[/api/authentication/login.*, ...]}]
2023.10.15 09:06:53 INFO  web[][o.s.s.p.w.MasterServletFilter] Initializing servlet filter org.sonar.server.platform.web.WebServiceReroutingFilter@6834da58 [pattern=UrlPattern{inclusions=[/api/components/update_key, ...], exclusions=[]}]
2023.10.15 09:06:53 INFO  web[][o.s.s.p.w.MasterServletFilter] Initializing servlet filter org.sonar.server.authentication.DefaultAdminCredentialsVerifierFilter@76ec08e0 [pattern=UrlPattern{inclusions=[/*], exclusions=[*.css, ...]}]
2023.10.15 09:06:53 INFO  web[][o.s.s.p.w.MasterServletFilter] Initializing servlet filter org.sonar.server.authentication.InitFilter@6c1cee72 [pattern=UrlPattern{inclusions=[/sessions/init/*], exclusions=[]}]
2023.10.15 09:06:53 INFO  web[][o.s.s.p.w.MasterServletFilter] Initializing servlet filter org.sonar.server.authentication.SamlValidationRedirectionFilter@363d66ec [pattern=UrlPattern{inclusions=[/oauth2/callback/saml], exclusions=[]}]
2023.10.15 09:06:53 INFO  web[][o.s.s.p.w.MasterServletFilter] Initializing servlet filter org.sonar.server.authentication.OAuth2CallbackFilter@78958c69 [pattern=UrlPattern{inclusions=[/oauth2/callback/*], exclusions=[]}]
2023.10.15 09:06:53 INFO  web[][o.s.s.p.w.MasterServletFilter] Initializing servlet filter org.sonar.server.authentication.ResetPasswordFilter@6ea83093 [pattern=UrlPattern{inclusions=[/*], exclusions=[*.css, ...]}]
2023.10.15 09:06:53 INFO  web[][o.s.s.p.w.MasterServletFilter] Initializing servlet filter org.sonar.server.authentication.ws.LoginAction@7cb72702 [pattern=UrlPattern{inclusions=[/api/authentication/login], exclusions=[]}]
2023.10.15 09:06:53 INFO  web[][o.s.s.p.w.MasterServletFilter] Initializing servlet filter org.sonar.server.authentication.ws.LogoutAction@19e6dc85 [pattern=UrlPattern{inclusions=[/api/authentication/logout], exclusions=[]}]
2023.10.15 09:06:53 INFO  web[][o.s.s.p.w.MasterServletFilter] Initializing servlet filter org.sonar.server.authentication.ws.ValidateAction@2f0e4b4b [pattern=UrlPattern{inclusions=[/api/authentication/validate], exclusions=[]}]
2023.10.15 09:06:53 INFO  web[][o.s.s.p.w.MasterServletFilter] Initializing servlet filter org.sonar.server.saml.ws.ValidationInitAction@1dfa892c [pattern=UrlPattern{inclusions=[/saml/validation_init], exclusions=[]}]
2023.10.15 09:06:53 INFO  web[][o.s.s.p.w.MasterServletFilter] Initializing servlet filter org.sonar.server.saml.ws.ValidationAction@4f0b2fcc [pattern=UrlPattern{inclusions=[/saml/validation], exclusions=[]}]
2023.10.15 09:06:53 INFO  web[][o.s.s.p.w.MasterServletFilter] Initializing servlet filter org.sonar.server.user.ws.ChangePasswordAction@65cc2c4a [pattern=UrlPattern{inclusions=[/api/users/change_password], exclusions=[]}]
2023.10.15 09:06:53 INFO  web[][o.s.s.p.w.MasterServletFilter] Initializing servlet filter org.sonar.server.plugins.PluginsRiskConsentFilter@389b2c19 [pattern=UrlPattern{inclusions=[/*], exclusions=[*.css, ...]}]
2023.10.15 09:06:53 INFO  web[][o.s.s.p.p.PlatformLevelStartup] Running Community Edition
2023.10.15 09:06:53 INFO  web[][o.s.s.p.Platform] Web Server is operational
2023.10.15 09:09:48 INFO  web[][o.s.p.ProcessEntryPoint] Gracefully stopping process
2023.10.15 09:09:48 INFO  web[][o.s.s.n.NotificationDaemon] Notification service stopped
2023.10.15 09:09:48 INFO  web[][c.z.h.HikariDataSource] HikariPool-1 - Shutdown initiated...
2023.10.15 09:09:48 INFO  web[][c.z.h.HikariDataSource] HikariPool-1 - Shutdown completed.
2023.10.15 09:09:48 INFO  web[][o.s.s.p.d.EmbeddedDatabase] Embedded database stopped
2023.10.15 09:09:48 WARN  web[][o.a.c.l.WebappClassLoaderBase] The web application [ROOT] appears to have started a thread named [OkHttp TaskRunner] but has failed to stop it. This is very likely to create a memory leak. Stack trace of thread:\n java.base@17.0.8.1/jdk.internal.misc.Unsafe.park(Native Method)\n java.base@17.0.8.1/java.util.concurrent.locks.LockSupport.parkNanos(Unknown Source)\n java.base@17.0.8.1/java.util.concurrent.SynchronousQueue$TransferStack.transfer(Unknown Source)\n java.base@17.0.8.1/java.util.concurrent.SynchronousQueue.poll(Unknown Source)\n java.base@17.0.8.1/java.util.concurrent.ThreadPoolExecutor.getTask(Unknown Source)\n java.base@17.0.8.1/java.util.concurrent.ThreadPoolExecutor.runWorker(Unknown Source)\n java.base@17.0.8.1/java.util.concurrent.ThreadPoolExecutor$Worker.run(Unknown Source)\n java.base@17.0.8.1/java.lang.Thread.run(Unknown Source)
2023.10.15 09:09:48 WARN  web[][o.a.c.l.WebappClassLoaderBase] The web application [ROOT] appears to have started a thread named [OkHttp TaskRunner] but has failed to stop it. This is very likely to create a memory leak. Stack trace of thread:\n java.base@17.0.8.1/java.lang.Object.wait(Native Method)\n java.base@17.0.8.1/java.lang.Object.wait(Unknown Source)\n app//okhttp3.internal.concurrent.TaskRunner$RealBackend.coordinatorWait(TaskRunner.kt:294)\n app//okhttp3.internal.concurrent.TaskRunner.awaitTaskToRun(TaskRunner.kt:218)\n app//okhttp3.internal.concurrent.TaskRunner$runnable$1.run(TaskRunner.kt:59)\n java.base@17.0.8.1/java.util.concurrent.ThreadPoolExecutor.runWorker(Unknown Source)\n java.base@17.0.8.1/java.util.concurrent.ThreadPoolExecutor$Worker.run(Unknown Source)\n java.base@17.0.8.1/java.lang.Thread.run(Unknown Source)
2023.10.15 09:09:49 INFO  web[][o.s.s.app.WebServer] Web Server stopped
2023.10.15 10:05:29 INFO  web[][o.s.p.ProcessEntryPoint] Starting Web Server
2023.10.15 10:05:30 INFO  web[][o.s.s.p.LogServerVersion] SonarQube Server / 10.2.1.78527 / 953bf4f6bc7c449ecd33704e5fb450c19412f037
2023.10.15 10:05:30 INFO  web[][o.s.s.p.d.EmbeddedDatabase] Starting embedded database on port 9092 with url jdbc:h2:tcp://127.0.0.1:9092/sonar;NON_KEYWORDS=VALUE
2023.10.15 10:05:30 INFO  web[][o.s.s.p.d.EmbeddedDatabase] Embedded database started. Data stored in: /opt/sonarqube/data
2023.10.15 10:05:30 INFO  web[][o.s.d.DefaultDatabase] Create JDBC data source for jdbc:h2:tcp://127.0.0.1:9092/sonar;NON_KEYWORDS=VALUE
2023.10.15 10:05:30 INFO  web[][c.z.h.HikariDataSource] HikariPool-1 - Starting...
2023.10.15 10:05:30 INFO  web[][c.z.h.p.HikariPool] HikariPool-1 - Added connection conn2: url=jdbc:h2:tcp://127.0.0.1:9092/sonar user=
2023.10.15 10:05:30 INFO  web[][c.z.h.HikariDataSource] HikariPool-1 - Start completed.
2023.10.15 10:05:30 WARN  web[][o.s.db.dialect.H2] H2 database should be used for evaluation purpose only.
2023.10.15 10:05:31 INFO  web[][o.s.s.p.ServerFileSystemImpl] SonarQube home: /opt/sonarqube
2023.10.15 10:05:31 INFO  web[][o.s.s.u.SystemPasscodeImpl] System authentication by passcode is disabled
2023.10.15 10:05:31 INFO  web[][o.s.s.p.ServerPluginManager] Deploy C# Code Quality and Security / 9.8.0.76515 / c1515bad8ebe3e38e102b68fdec8c429669ec560
2023.10.15 10:05:31 INFO  web[][o.s.s.p.ServerPluginManager] Deploy Clean as You Code / 2.1.0.500 / 4a2d47cf125d03ebacf43536a3897c168deb1b0a
2023.10.15 10:05:31 INFO  web[][o.s.s.p.ServerPluginManager] Deploy Configuration detection for Code Quality and Security / 1.3.0.654 / 63073f0270b2c4754afa58eb8b5ea04e2eebf1a4
2023.10.15 10:05:31 INFO  web[][o.s.s.p.ServerPluginManager] Deploy Flex Code Quality and Security / 2.10.0.3458 / 3ef14c50cfd03e5b40a2270fc6e8edc5c49dedcd
2023.10.15 10:05:31 INFO  web[][o.s.s.p.ServerPluginManager] Deploy Go Code Quality and Security / 1.14.0.4481 / dcfff811316898a16bf1c6ff191dd3a5d84d3307
2023.10.15 10:05:31 INFO  web[][o.s.s.p.ServerPluginManager] Deploy HTML Code Quality and Security / 3.9.0.3600 / c877f85377cbf43c325a924dff566e2511142dbd
2023.10.15 10:05:31 INFO  web[][o.s.s.p.ServerPluginManager] Deploy IaC Code Quality and Security / 1.20.0.5654 / 45bdf29bcd98938351390d5b5905ee16e4616078
2023.10.15 10:05:31 INFO  web[][o.s.s.p.ServerPluginManager] Deploy JaCoCo / 1.3.0.1538 / 74a7798c7cea687c72ed9df40c93eb7ea2a58c49
2023.10.15 10:05:31 INFO  web[][o.s.s.p.ServerPluginManager] Deploy Java Code Quality and Security / 7.24.0.32100 / c39dafc9f60909db5edeb18ecc30ef617d9b5e7d
2023.10.15 10:05:31 INFO  web[][o.s.s.p.ServerPluginManager] Deploy JavaScript/TypeScript/CSS Code Quality and Security / 10.5.1.22382 / aee0b6ea75d253c96e97ab00eb1e96e1112ec2a7
2023.10.15 10:05:31 INFO  web[][o.s.s.p.ServerPluginManager] Deploy Kotlin Code Quality and Security / 2.17.0.2902 / f561c3df92dca4379ae526fc4c912f786328f009
2023.10.15 10:05:31 INFO  web[][o.s.s.p.ServerPluginManager] Deploy PHP Code Quality and Security / 3.32.0.10180 / 077f75886ec0b948cdf94b61631a444bcd23a529
2023.10.15 10:05:31 INFO  web[][o.s.s.p.ServerPluginManager] Deploy Python Code Quality and Security / 4.7.0.12181 / eeaa409efe993ea779a0dacdbbe8e28e4879c975
2023.10.15 10:05:31 INFO  web[][o.s.s.p.ServerPluginManager] Deploy Ruby Code Quality and Security / 1.14.0.4481 / dcfff811316898a16bf1c6ff191dd3a5d84d3307
2023.10.15 10:05:31 INFO  web[][o.s.s.p.ServerPluginManager] Deploy Scala Code Quality and Security / 1.14.0.4481 / dcfff811316898a16bf1c6ff191dd3a5d84d3307
2023.10.15 10:05:31 INFO  web[][o.s.s.p.ServerPluginManager] Deploy Text Code Quality and Security / 2.3.0.1632 / 66d70521dd5e12993a5614c3202f4c33ae0182bd
2023.10.15 10:05:31 INFO  web[][o.s.s.p.ServerPluginManager] Deploy VB.NET Code Quality and Security / 9.8.0.76515 / c1515bad8ebe3e38e102b68fdec8c429669ec560
2023.10.15 10:05:31 INFO  web[][o.s.s.p.ServerPluginManager] Deploy XML Code Quality and Security / 2.10.0.4108 / 34b16ba369117f6befc0b1e0866a069a80f6db2e
2023.10.15 10:05:33 INFO  web[][o.s.s.e.EsClientProvider] Connected to local Elasticsearch: [http://localhost:9001]
2023.10.15 10:05:33 WARN  web[][o.s.a.s.w.WebService$Action] Description is not set on action api/monitoring/metrics
2023.10.15 10:05:33 WARN  web[][o.s.a.s.w.WebService$Action] Since is not set on action api/monitoring/metrics
2023.10.15 10:05:33 WARN  web[][o.s.a.s.w.WebService$Action] The response example is not set on action api/monitoring/metrics
2023.10.15 10:05:33 WARN  web[][o.s.a.s.w.WebService$Action] The response example is not set on action api/system/liveness
2023.10.15 10:05:33 INFO  web[][o.s.s.p.w.MasterServletFilter] Initializing servlet filter org.sonar.server.platform.web.WebServiceFilter@59918c8f [pattern=UrlPattern{inclusions=[/api/system/migrate_db.*, ...], exclusions=[/api/components/update_key, ...]}]
2023.10.15 10:05:33 INFO  web[][o.s.s.p.DetectPluginChange] Detect plugin changes
2023.10.15 10:05:33 INFO  web[][o.s.s.p.DetectPluginChange] No plugin change detected
2023.10.15 10:05:34 INFO  web[][o.h.v.i.util.Version] HV000001: Hibernate Validator null
2023.10.15 10:05:34 INFO  web[][o.s.s.a.EmbeddedTomcat] HTTP connector enabled on port 9000
2023.10.15 10:05:34 INFO  web[][o.s.s.s.LogServerId] Server ID: 147B411E-AYso10M7vVtfM4T6QRBB
2023.10.15 10:05:34 WARN  web[][o.s.s.a.LogOAuthWarning] For security reasons, OAuth authentication should use HTTPS. You should set the property 'Administration > Configuration > Server base URL' to a HTTPS URL.
2023.10.15 10:05:35 INFO  web[][o.s.s.p.UpdateCenterClient] Update center: https://update.sonarsource.org/update-center.properties
2023.10.15 10:05:35 WARN  web[][o.s.a.s.w.WebService$Action] The response example is not set on action saml/validation_init
2023.10.15 10:05:35 WARN  web[][o.s.a.s.w.WebService$Action] The response example is not set on action api/issues/list
2023.10.15 10:05:35 WARN  web[][o.s.a.s.w.WebService$Action] The response example is not set on action api/system/liveness
2023.10.15 10:05:35 WARN  web[][o.s.a.s.w.WebService$Action] The response example is not set on action api/plugins/download
2023.10.15 10:05:35 WARN  web[][o.s.a.s.w.WebService$Action] The response example is not set on action api/analysis_cache/get
2023.10.15 10:05:35 WARN  web[][o.s.a.s.w.WebService$Action] The response example is not set on action api/alm_integrations/check_pat
2023.10.15 10:05:35 WARN  web[][o.s.a.s.w.WebService$Action] The response example is not set on action api/push/sonarlint_events
2023.10.15 10:05:35 WARN  web[][o.s.a.s.w.WebService$Action] The response example is not set on action api/dismiss_message/check
2023.10.15 10:05:35 WARN  web[][o.s.a.s.w.WebService$Action] Since is not set on action api/cayc/issues_creation_histogram
2023.10.15 10:05:35 WARN  web[][o.s.a.s.w.WebService$Action] The response example is not set on action api/cayc/issues_creation_histogram
2023.10.15 10:05:35 INFO  web[][o.s.s.a.p.ExpiredSessionsCleaner] Purge of expired session tokens has removed 0 elements
2023.10.15 10:05:35 INFO  web[][o.s.s.a.p.ExpiredSessionsCleaner] Purge of expired SAML message ids has removed 0 elements
2023.10.15 10:05:35 INFO  web[][o.s.s.n.NotificationDaemon] Notification service started (delay 60 sec.)
2023.10.15 10:05:35 INFO  web[][o.s.s.t.TelemetryDaemon] Sharing of SonarQube statistics is enabled.
2023.10.15 10:05:36 INFO  web[][o.s.s.s.GeneratePluginIndex] Generate scanner plugin index
2023.10.15 10:05:36 INFO  web[][o.s.s.s.RegisterPermissionTemplates] Register permission templates
2023.10.15 10:05:36 INFO  web[][o.s.s.s.RenameDeprecatedPropertyKeys] Rename deprecated property keys
2023.10.15 10:05:36 INFO  web[][o.s.s.s.RegisterPlugins] Register plugins
2023.10.15 10:05:36 INFO  web[][o.s.s.p.w.MasterServletFilter] Initializing servlet filter org.sonar.server.platform.web.SonarLintConnectionFilter@354b1433 [pattern=UrlPattern{inclusions=[/api/*], exclusions=[/api/v2/*]}]
2023.10.15 10:05:36 INFO  web[][o.s.s.p.w.MasterServletFilter] Initializing servlet filter org.sonar.server.platform.web.WebServiceFilter@3bc5fa08 [pattern=UrlPattern{inclusions=[/api/issues/delete_comment.*, ...], exclusions=[/api/authentication/login.*, ...]}]
2023.10.15 10:05:36 INFO  web[][o.s.s.p.w.MasterServletFilter] Initializing servlet filter org.sonar.server.platform.web.WebServiceReroutingFilter@23c74abf [pattern=UrlPattern{inclusions=[/api/components/update_key, ...], exclusions=[]}]
2023.10.15 10:05:36 INFO  web[][o.s.s.p.w.MasterServletFilter] Initializing servlet filter org.sonar.server.authentication.DefaultAdminCredentialsVerifierFilter@46d02d75 [pattern=UrlPattern{inclusions=[/*], exclusions=[*.css, ...]}]
2023.10.15 10:05:36 INFO  web[][o.s.s.p.w.MasterServletFilter] Initializing servlet filter org.sonar.server.authentication.InitFilter@2b574310 [pattern=UrlPattern{inclusions=[/sessions/init/*], exclusions=[]}]
2023.10.15 10:05:36 INFO  web[][o.s.s.p.w.MasterServletFilter] Initializing servlet filter org.sonar.server.authentication.SamlValidationRedirectionFilter@3f56e9c8 [pattern=UrlPattern{inclusions=[/oauth2/callback/saml], exclusions=[]}]
2023.10.15 10:05:36 INFO  web[][o.s.s.p.w.MasterServletFilter] Initializing servlet filter org.sonar.server.authentication.OAuth2CallbackFilter@26ddce2f [pattern=UrlPattern{inclusions=[/oauth2/callback/*], exclusions=[]}]
2023.10.15 10:05:36 INFO  web[][o.s.s.p.w.MasterServletFilter] Initializing servlet filter org.sonar.server.authentication.ResetPasswordFilter@61a1f404 [pattern=UrlPattern{inclusions=[/*], exclusions=[*.css, ...]}]
2023.10.15 10:05:36 INFO  web[][o.s.s.p.w.MasterServletFilter] Initializing servlet filter org.sonar.server.authentication.ws.LoginAction@546411ff [pattern=UrlPattern{inclusions=[/api/authentication/login], exclusions=[]}]
2023.10.15 10:05:36 INFO  web[][o.s.s.p.w.MasterServletFilter] Initializing servlet filter org.sonar.server.authentication.ws.LogoutAction@6d247551 [pattern=UrlPattern{inclusions=[/api/authentication/logout], exclusions=[]}]
2023.10.15 10:05:36 INFO  web[][o.s.s.p.w.MasterServletFilter] Initializing servlet filter org.sonar.server.authentication.ws.ValidateAction@46c10385 [pattern=UrlPattern{inclusions=[/api/authentication/validate], exclusions=[]}]
2023.10.15 10:05:36 INFO  web[][o.s.s.p.w.MasterServletFilter] Initializing servlet filter org.sonar.server.saml.ws.ValidationInitAction@26128f0f [pattern=UrlPattern{inclusions=[/saml/validation_init], exclusions=[]}]
2023.10.15 10:05:36 INFO  web[][o.s.s.p.w.MasterServletFilter] Initializing servlet filter org.sonar.server.saml.ws.ValidationAction@480fbeb1 [pattern=UrlPattern{inclusions=[/saml/validation], exclusions=[]}]
2023.10.15 10:05:36 INFO  web[][o.s.s.p.w.MasterServletFilter] Initializing servlet filter org.sonar.server.user.ws.ChangePasswordAction@707f64e3 [pattern=UrlPattern{inclusions=[/api/users/change_password], exclusions=[]}]
2023.10.15 10:05:36 INFO  web[][o.s.s.p.w.MasterServletFilter] Initializing servlet filter org.sonar.server.plugins.PluginsRiskConsentFilter@78efdb8d [pattern=UrlPattern{inclusions=[/*], exclusions=[*.css, ...]}]
2023.10.15 10:05:36 INFO  web[][o.s.s.p.p.PlatformLevelStartup] Running Community Edition
2023.10.15 10:05:36 INFO  web[][o.s.s.p.Platform] Web Server is operational
2023.10.15 10:55:51 WARN  web[][o.s.a.c.g.GithubApplicationClientImpl] Failed to request https://api.github.com/app
java.net.UnknownHostException: api.github.com: Name or service not known
	at java.base/java.net.Inet4AddressImpl.lookupAllHostAddr(Native Method)
	at java.base/java.net.InetAddress$PlatformNameService.lookupAllHostAddr(Unknown Source)
	at java.base/java.net.InetAddress.getAddressesFromNameService(Unknown Source)
	at java.base/java.net.InetAddress$NameServiceAddresses.get(Unknown Source)
	at java.base/java.net.InetAddress.getAllByName0(Unknown Source)
	at java.base/java.net.InetAddress.getAllByName(Unknown Source)
	at java.base/java.net.InetAddress.getAllByName(Unknown Source)
	at okhttp3.Dns$Companion$DnsSystem.lookup(Dns.kt:49)
	at okhttp3.internal.connection.RouteSelector.resetNextInetSocketAddress(RouteSelector.kt:169)
	at okhttp3.internal.connection.RouteSelector.nextProxy(RouteSelector.kt:131)
	at okhttp3.internal.connection.RouteSelector.next(RouteSelector.kt:73)
	at okhttp3.internal.connection.ExchangeFinder.findConnection(ExchangeFinder.kt:205)
	at okhttp3.internal.connection.ExchangeFinder.findHealthyConnection(ExchangeFinder.kt:106)
	at okhttp3.internal.connection.ExchangeFinder.find(ExchangeFinder.kt:74)
	at okhttp3.internal.connection.RealCall.initExchange$okhttp(RealCall.kt:255)
	at okhttp3.internal.connection.ConnectInterceptor.intercept(ConnectInterceptor.kt:32)
	at okhttp3.internal.http.RealInterceptorChain.proceed(RealInterceptorChain.kt:109)
	at okhttp3.internal.cache.CacheInterceptor.intercept(CacheInterceptor.kt:95)
	at okhttp3.internal.http.RealInterceptorChain.proceed(RealInterceptorChain.kt:109)
	at okhttp3.internal.http.BridgeInterceptor.intercept(BridgeInterceptor.kt:83)
	at okhttp3.internal.http.RealInterceptorChain.proceed(RealInterceptorChain.kt:109)
	at okhttp3.internal.http.RetryAndFollowUpInterceptor.intercept(RetryAndFollowUpInterceptor.kt:76)
	at okhttp3.internal.http.RealInterceptorChain.proceed(RealInterceptorChain.kt:109)
	at okhttp3.internal.connection.RealCall.getResponseWithInterceptorChain$okhttp(RealCall.kt:201)
	at okhttp3.internal.connection.RealCall.execute(RealCall.kt:154)
	at org.sonar.alm.client.github.GithubApplicationHttpClientImpl.get(GithubApplicationHttpClientImpl.java:86)
	at org.sonar.alm.client.github.GithubApplicationHttpClientImpl.get(GithubApplicationHttpClientImpl.java:76)
	at org.sonar.alm.client.github.GithubApplicationClientImpl.checkAppPermissions(GithubApplicationClientImpl.java:120)
	at org.sonar.alm.client.github.GithubGlobalSettingsValidator.validate(GithubGlobalSettingsValidator.java:59)
	at org.sonar.server.monitoring.devops.GithubMetricsTask.validateGithub(GithubMetricsTask.java:58)
	at org.sonar.server.monitoring.devops.GithubMetricsTask.run(GithubMetricsTask.java:51)
	at java.base/java.util.concurrent.Executors$RunnableAdapter.call(Unknown Source)
	at java.base/java.util.concurrent.FutureTask.runAndReset(Unknown Source)
	at java.base/java.util.concurrent.ScheduledThreadPoolExecutor$ScheduledFutureTask.run(Unknown Source)
	at java.base/java.util.concurrent.ThreadPoolExecutor.runWorker(Unknown Source)
	at java.base/java.util.concurrent.ThreadPoolExecutor$Worker.run(Unknown Source)
	at java.base/java.lang.Thread.run(Unknown Source)
2023.10.15 11:43:22 INFO  web[][o.s.p.ProcessEntryPoint] Gracefully stopping process
2023.10.15 11:43:23 INFO  web[][o.s.s.n.NotificationDaemon] Notification service stopped
2023.10.15 11:43:23 INFO  web[][c.z.h.HikariDataSource] HikariPool-1 - Shutdown initiated...
2023.10.15 11:43:23 INFO  web[][c.z.h.HikariDataSource] HikariPool-1 - Shutdown completed.
2023.10.15 11:43:23 INFO  web[][o.s.s.p.d.EmbeddedDatabase] Embedded database stopped
2023.10.15 11:43:23 WARN  web[][o.a.c.l.WebappClassLoaderBase] The web application [ROOT] appears to have started a thread named [OkHttp TaskRunner] but has failed to stop it. This is very likely to create a memory leak. Stack trace of thread:\n java.base@17.0.8.1/jdk.internal.misc.Unsafe.park(Native Method)\n java.base@17.0.8.1/java.util.concurrent.locks.LockSupport.parkNanos(Unknown Source)\n java.base@17.0.8.1/java.util.concurrent.SynchronousQueue$TransferStack.transfer(Unknown Source)\n java.base@17.0.8.1/java.util.concurrent.SynchronousQueue.poll(Unknown Source)\n java.base@17.0.8.1/java.util.concurrent.ThreadPoolExecutor.getTask(Unknown Source)\n java.base@17.0.8.1/java.util.concurrent.ThreadPoolExecutor.runWorker(Unknown Source)\n java.base@17.0.8.1/java.util.concurrent.ThreadPoolExecutor$Worker.run(Unknown Source)\n java.base@17.0.8.1/java.lang.Thread.run(Unknown Source)
2023.10.15 11:43:23 WARN  web[][o.a.c.l.WebappClassLoaderBase] The web application [ROOT] appears to have started a thread named [OkHttp TaskRunner] but has failed to stop it. This is very likely to create a memory leak. Stack trace of thread:\n java.base@17.0.8.1/java.lang.Object.wait(Native Method)\n java.base@17.0.8.1/java.lang.Object.wait(Unknown Source)\n app//okhttp3.internal.concurrent.TaskRunner$RealBackend.coordinatorWait(TaskRunner.kt:294)\n app//okhttp3.internal.concurrent.TaskRunner.awaitTaskToRun(TaskRunner.kt:218)\n app//okhttp3.internal.concurrent.TaskRunner$runnable$1.run(TaskRunner.kt:59)\n java.base@17.0.8.1/java.util.concurrent.ThreadPoolExecutor.runWorker(Unknown Source)\n java.base@17.0.8.1/java.util.concurrent.ThreadPoolExecutor$Worker.run(Unknown Source)\n java.base@17.0.8.1/java.lang.Thread.run(Unknown Source)
2023.10.15 11:43:23 INFO  web[][o.s.s.app.WebServer] Web Server stopped
